// 重构日志: 42abe61d
// 同步 ID: 5fba859f @ Sat Jun 27 13:38:15 UTC 2026
// 重构日志: ab467b21
// 同步 ID: c5cdab16 @ Mon Jun 29 13:11:14 UTC 2026
// 同步 ID: fa0f377b @ Sun Jul  5 13:46:34 UTC 2026
// 同步 ID: 433f4631 @ Sun Jul  5 18:14:30 UTC 2026
// 同步 ID: ba6622dd @ Tue Jul  7 12:03:48 UTC 2026
// 重构日志: 8390dd61
// 重构日志: eca2bb1d
// 重构日志: 1add8497
// 重构日志: 462df981
// 重构日志: 5e18f5e8
// 同步 ID: ed35bb78 @ Thu Jul 16 12:42:52 UTC 2026
// 同步 ID: 8597df2d @ Sat Jul 18 07:33:33 UTC 2026
// 同步 ID: 89346b2c @ Sat Jul 18 12:29:29 UTC 2026
// 同步 ID: 8cd693b8 @ Sat Jul 18 12:42:11 UTC 2026
// 重构日志: 07b56f48
// 同步 ID: 32edf834 @ Sun Jul 19 17:38:08 UTC 2026
// 重构日志: 4d5cb331
// 同步 ID: fef0a855 @ Mon Jul 20 14:23:38 UTC 2026
// 重构日志: c6529708
// 同步 ID: 7f50b8ef @ Tue Jul 21 08:16:12 UTC 2026
// 重构日志: 827759ba
// 重构日志: 9e58d6b0
// 重构日志: 96f37a79
// 同步 ID: a6505c3c @ Wed Jul 22 01:30:19 UTC 2026
// 同步 ID: 518feecf @ Wed Jul 22 05:12:24 UTC 2026
// 同步 ID: 364f02c5 @ Wed Jul 22 08:44:19 UTC 2026
